[2025-08-27 17:10:12] [INFO] [SERVER] Servidor iniciado en http://localhost:3000
[2025-08-27 17:10:12] [INFO] [SERVER] Sistema listo para recibir conexiones
[2025-08-27 17:24:46] [INFO] [SIMULATION] Simulación iniciada
[2025-08-27 17:24:46] [INFO] [SERVER] Servidor iniciado en http://localhost:3000
[2025-08-27 17:24:46] [INFO] [SERVER] Sistema listo para conexiones
[2025-08-27 17:32:17] [INFO] [SYSTEM] Cerrando servidor (SIGINT)...
[2025-08-27 17:32:17] [INFO] [SYSTEM] Servidor cerrado
[2025-08-27 17:32:22] [INFO] [SIMULATION] Simulación iniciada
[2025-08-27 17:32:22] [INFO] [SERVER] Servidor iniciado en http://localhost:3000
[2025-08-27 17:32:22] [INFO] [SERVER] Sistema listo para conexiones
[2025-08-27 17:34:25] [INFO] [SYSTEM] Cerrando servidor (SIGINT)...
[2025-08-27 17:34:39] [INFO] [SIMULATION] Simulación iniciada
[2025-08-27 17:34:39] [INFO] [SERVER] Servidor iniciado en http://localhost:3000
[2025-08-27 17:34:39] [INFO] [SERVER] Sistema listo para conexiones
[2025-08-27 17:35:05] [INFO] [SYSTEM] Cerrando servidor (SIGINT)...
[2025-08-27 17:35:05] [INFO] [SYSTEM] Servidor cerrado
[2025-08-27 17:39:38] [INFO] [SIMULATION] Simulación iniciada
[2025-08-27 17:39:38] [INFO] [SERVER] Servidor iniciado en http://localhost:3000
[2025-08-27 17:39:38] [INFO] [SERVER] Sistema listo para conexiones
[2025-08-27 17:51:22] [INFO] [SYSTEM] Cerrando servidor (SIGINT)...
[2025-08-27 17:51:22] [INFO] [SYSTEM] Servidor cerrado
[2025-08-28 12:21:06] [INFO] [SIMULATION] Simulación iniciada
[2025-08-28 12:21:06] [INFO] [SERVER] Servidor iniciado en http://localhost:3000
[2025-08-28 12:21:06] [INFO] [SERVER] Sistema listo para conexiones
[2025-08-28 12:21:15] [DEBUG] [HTTP] GET /favicon.ico - ::1
